Command line:
   trafficTimer_isim_beh.exe
     -simmode  gui
     -simrunnum  0
     -socket  51265

Thu Nov 30 20:23:26 2023


 Elaboration Time: 0.02 sec

 Current Memory Usage: 183.624 Meg

 Total Signals          : 26
 Total Nets             : 95
 Total Signal Drivers   : 11
 Total Blocks           : 3
 Total Primitive Blocks : 2
 Total Processes        : 16
 Total Traceable Variables  : 26
 Total Scalar Nets and Variables : 254
Total Line Count : 37

 Total Simulation Time: 0.02 sec

 Current Memory Usage: 259.125 Meg

Thu Nov 30 20:23:29 2023

