Release 14.7 - xst P.20131013 (lin64)
Copyright (c) 1995-2013 Xilinx, Inc.  All rights reserved.
--> 
Parameter TMPDIR set to xst/projnav.tmp


Total REAL time to Xst completion: 0.00 secs
Total CPU time to Xst completion: 0.03 secs
 
--> 
Parameter xsthdpdir set to xst


Total REAL time to Xst completion: 0.00 secs
Total CPU time to Xst completion: 0.03 secs
 
--> 
Reading design: trafficController.prj

TABLE OF CONTENTS
  1) Synthesis Options Summary
  2) HDL Compilation
  3) Design Hierarchy Analysis
  4) HDL Analysis
  5) HDL Synthesis
     5.1) HDL Synthesis Report
  6) Advanced HDL Synthesis
     6.1) Advanced HDL Synthesis Report
  7) Low Level Synthesis
  8) Partition Report
  9) Final Report
	9.1) Device utilization summary
	9.2) Partition Resource Summary
	9.3) TIMING REPORT


=========================================================================
*                      Synthesis Options Summary                        *
=========================================================================
---- Source Parameters
Input File Name                    : "trafficController.prj"
Input Format                       : mixed
Ignore Synthesis Constraint File   : NO

---- Target Parameters
Output File Name                   : "trafficController"
Output Format                      : NGC
Target Device                      : xc3s50an-4-tqg144

---- Source Options
Top Module Name                    : trafficController
Automatic FSM Extraction           : YES
FSM Encoding Algorithm             : Auto
Safe Implementation                : No
FSM Style                          : LUT
RAM Extraction                     : Yes
RAM Style                          : Auto
ROM Extraction                     : Yes
Mux Style                          : Auto
Decoder Extraction                 : YES
Priority Encoder Extraction        : Yes
Shift Register Extraction          : YES
Logical Shifter Extraction         : YES
XOR Collapsing                     : YES
ROM Style                          : Auto
Mux Extraction                     : Yes
Resource Sharing                   : YES
Asynchronous To Synchronous        : NO
Multiplier Style                   : Auto
Automatic Register Balancing       : No

---- Target Options
Add IO Buffers                     : YES
Global Maximum Fanout              : 100000
Add Generic Clock Buffer(BUFG)     : 24
Register Duplication               : YES
Slice Packing                      : YES
Optimize Instantiated Primitives   : NO
Use Clock Enable                   : Yes
Use Synchronous Set                : Yes
Use Synchronous Reset              : Yes
Pack IO Registers into IOBs        : Auto
Equivalent register Removal        : YES

---- General Options
Optimization Goal                  : Speed
Optimization Effort                : 1
Keep Hierarchy                     : No
Netlist Hierarchy                  : As_Optimized
RTL Output                         : Yes
Global Optimization                : AllClockNets
Read Cores                         : YES
Write Timing Constraints           : NO
Cross Clock Analysis               : NO
Hierarchy Separator                : /
Bus Delimiter                      : <>
Case Specifier                     : Maintain
Slice Utilization Ratio            : 100
BRAM Utilization Ratio             : 100
Verilog 2001                       : YES
Auto BRAM Packing                  : NO
Slice Utilization Ratio Delta      : 5

=========================================================================


=========================================================================
*                          HDL Compilation                              *
=========================================================================
Compiling verilog file "counter_4bit.v" in library work
Compiling verilog file "trafficTimer.v" in library work
Module <counter_4bit> compiled
Compiling verilog file "trafficNextState.v" in library work
Module <trafficTimer> compiled
Compiling verilog file "trafficlightDecoder.v" in library work
Module <trafficNextState> compiled
Compiling verilog file "carSensorSync.v" in library work
Module <trafficlightDecoder> compiled
Compiling verilog file "BCDto7SegmentDecoder.v" in library work
Module <carSensorSync> compiled
Compiling verilog file "trafficController.v" in library work
Module <BCDto7SegmentDecoder> compiled
Module <trafficController> compiled
No errors in compilation
Analysis of file <"trafficController.prj"> succeeded.
 

=========================================================================
*                     Design Hierarchy Analysis                         *
=========================================================================
Analyzing hierarchy for module <trafficController> in library <work>.

Analyzing hierarchy for module <carSensorSync> in library <work>.

Analyzing hierarchy for module <trafficTimer> in library <work> with parameters.
	STATE_HG = "00"
	STATE_HY = "01"
	STATE_SG = "11"
	STATE_SY = "10"
	onesec_clockcount = "00000010111110101111000010000000"

Analyzing hierarchy for module <trafficNextState> in library <work> with parameters.
	STATE_HG = "00"
	STATE_HY = "01"
	STATE_SG = "11"
	STATE_SY = "10"

Analyzing hierarchy for module <trafficlightDecoder> in library <work> with parameters.
	STATE_HG = "00"
	STATE_HY = "01"
	STATE_SG = "11"
	STATE_SY = "10"

Analyzing hierarchy for module <BCDto7SegmentDecoder> in library <work>.

Analyzing hierarchy for module <counter_4bit> in library <work>.


=========================================================================
*                            HDL Analysis                               *
=========================================================================
Analyzing top module <trafficController>.
Module <trafficController> is correct for synthesis.
 
Analyzing module <carSensorSync> in library <work>.
Module <carSensorSync> is correct for synthesis.
 
Analyzing module <trafficTimer> in library <work>.
	STATE_HG = 2'b00
	STATE_HY = 2'b01
	STATE_SG = 2'b11
	STATE_SY = 2'b10
	onesec_clockcount = 32'sb00000010111110101111000010000000
Module <trafficTimer> is correct for synthesis.
 
Analyzing module <counter_4bit> in library <work>.
Module <counter_4bit> is correct for synthesis.
 
Analyzing module <trafficNextState> in library <work>.
	STATE_HG = 2'b00
	STATE_HY = 2'b01
	STATE_SG = 2'b11
	STATE_SY = 2'b10
Module <trafficNextState> is correct for synthesis.
 
Analyzing module <trafficlightDecoder> in library <work>.
	STATE_HG = 2'b00
	STATE_HY = 2'b01
	STATE_SG = 2'b11
	STATE_SY = 2'b10
Module <trafficlightDecoder> is correct for synthesis.
 
Analyzing module <BCDto7SegmentDecoder> in library <work>.
Module <BCDto7SegmentDecoder> is correct for synthesis.
 

=========================================================================
*                           HDL Synthesis                               *
=========================================================================

Performing bidirectional port resolution...

Synthesizing Unit <carSensorSync>.
    Related source file is "carSensorSync.v".
    Found 1-bit register for signal <car_sync>.
    Summary:
	inferred   1 D-type flip-flop(s).
Unit <carSensorSync> synthesized.


Synthesizing Unit <trafficNextState>.
    Related source file is "trafficNextState.v".
    Found finite state machine <FSM_0> for signal <state>.
    -----------------------------------------------------------------------
    | States             | 4                                              |
    | Transitions        | 9                                              |
    | Inputs             | 3                                              |
    | Outputs            | 3                                              |
    | Clock              | clock                     (rising_edge)        |
    | Reset              | reset                     (positive)           |
    | Reset type         | synchronous                                    |
    | Reset State        | 00                                             |
    | Encoding           | automatic                                      |
    | Implementation     | LUT                                            |
    -----------------------------------------------------------------------
    Summary:
	inferred   1 Finite State Machine(s).
Unit <trafficNextState> synthesized.


Synthesizing Unit <trafficlightDecoder>.
    Related source file is "trafficlightDecoder.v".
    Found 4x6-bit ROM for signal <state$rom0000>.
    Summary:
	inferred   1 ROM(s).
Unit <trafficlightDecoder> synthesized.


Synthesizing Unit <BCDto7SegmentDecoder>.
    Related source file is "BCDto7SegmentDecoder.v".
    Found 16x14-bit ROM for signal <bcd$rom0000>.
    Summary:
	inferred   1 ROM(s).
Unit <BCDto7SegmentDecoder> synthesized.


Synthesizing Unit <counter_4bit>.
    Related source file is "counter_4bit.v".
    Found 4-bit up counter for signal <cnt>.
    Summary:
	inferred   1 Counter(s).
Unit <counter_4bit> synthesized.


Synthesizing Unit <trafficTimer>.
    Related source file is "trafficTimer.v".
WARNING:Xst:1780 - Signal <reg_yellow> is never used or assigned. This unconnected signal will be trimmed during the optimization process.
WARNING:Xst:1780 - Signal <reg_country> is never used or assigned. This unconnected signal will be trimmed during the optimization process.
    Found 4x1-bit ROM for signal <time_country$mux0000>.
    Found 1-bit register for signal <time_yellow>.
    Found 1-bit register for signal <time_country>.
    Found 32-bit up counter for signal <clockcount>.
    Found 1-bit register for signal <count>.
    Found 4-bit comparator greatequal for signal <old_time_country_1$cmp_ge0000> created at line 78.
    Found 4-bit comparator greatequal for signal <old_time_yellow_2$cmp_ge0000> created at line 86.
    Found 4-bit comparator less for signal <time_yellow$cmp_lt0000> created at line 86.
    Found 1-bit register for signal <to_reset>.
    Found 1-bit 4-to-1 multiplexer for signal <to_reset$mux0000> created at line 94.
    Summary:
	inferred   1 ROM(s).
	inferred   1 Counter(s).
	inferred   4 D-type flip-flop(s).
	inferred   3 Comparator(s).
	inferred   1 Multiplexer(s).
Unit <trafficTimer> synthesized.


Synthesizing Unit <trafficController>.
    Related source file is "trafficController.v".
Unit <trafficController> synthesized.


=========================================================================
HDL Synthesis Report

Macro Statistics
# ROMs                                                 : 3
 16x14-bit ROM                                         : 1
 4x1-bit ROM                                           : 1
 4x6-bit ROM                                           : 1
# Counters                                             : 2
 32-bit up counter                                     : 1
 4-bit up counter                                      : 1
# Registers                                            : 5
 1-bit register                                        : 5
# Comparators                                          : 3
 4-bit comparator greatequal                           : 2
 4-bit comparator less                                 : 1
# Multiplexers                                         : 1
 1-bit 4-to-1 multiplexer                              : 1

=========================================================================

=========================================================================
*                       Advanced HDL Synthesis                          *
=========================================================================

Analyzing FSM <FSM_0> for best encoding.
Optimizing FSM <nextstate/state/FSM> on signal <state[1:2]> with user encoding.
-------------------
 State | Encoding
-------------------
 00    | 00
 01    | 01
 11    | 11
 10    | 10
-------------------

Synthesizing (advanced) Unit <trafficTimer>.
INFO:Xst:3034 - In order to maximize performance and save block RAM resources, the small ROM <Mrom_time_country_mux0000> will be implemented on LUT. If you want to force its implementation on block, use option/constraint rom_style.
Unit <trafficTimer> synthesized (advanced).

=========================================================================
Advanced HDL Synthesis Report

Macro Statistics
# FSMs                                                 : 1
# ROMs                                                 : 3
 16x14-bit ROM                                         : 1
 4x1-bit ROM                                           : 1
 4x6-bit ROM                                           : 1
# Counters                                             : 2
 32-bit up counter                                     : 1
 4-bit up counter                                      : 1
# Registers                                            : 5
 Flip-Flops                                            : 5
# Comparators                                          : 3
 4-bit comparator greatequal                           : 2
 4-bit comparator less                                 : 1
# Multiplexers                                         : 1
 1-bit 4-to-1 multiplexer                              : 1

=========================================================================

=========================================================================
*                         Low Level Synthesis                           *
=========================================================================

Optimizing unit <trafficController> ...

Optimizing unit <trafficTimer> ...

Mapping all equations...
Building and optimizing final netlist ...
Found area constraint ratio of 100 (+ 5) on block trafficController, actual ratio is 5.

Final Macro Processing ...

=========================================================================
Final Register Report

Macro Statistics
# Registers                                            : 43
 Flip-Flops                                            : 43

=========================================================================

=========================================================================
*                           Partition Report                            *
=========================================================================

Partition Implementation Status
-------------------------------

  No Partitions were found in this design.

-------------------------------

=========================================================================
*                            Final Report                               *
=========================================================================
Final Results
RTL Top Level Output File Name     : trafficController.ngr
Top Level Output File Name         : trafficController
Output Format                      : NGC
Optimization Goal                  : Speed
Keep Hierarchy                     : No

Design Statistics
# IOs                              : 31

Cell Usage :
# BELS                             : 145
#      GND                         : 1
#      INV                         : 3
#      LUT1                        : 31
#      LUT2                        : 7
#      LUT3                        : 4
#      LUT4                        : 24
#      MUXCY                       : 39
#      MUXF5                       : 3
#      VCC                         : 1
#      XORCY                       : 32
# FlipFlops/Latches                : 43
#      FD                          : 1
#      FDC                         : 5
#      FDE                         : 1
#      FDR                         : 35
#      FDRE                        : 1
# Clock Buffers                    : 1
#      BUFGP                       : 1
# IO Buffers                       : 30
#      IBUF                        : 10
#      OBUF                        : 20
=========================================================================

Device utilization summary:
---------------------------

Selected Device : 3s50antqg144-4 

 Number of Slices:                       36  out of    704     5%  
 Number of Slice Flip Flops:             43  out of   1408     3%  
 Number of 4 input LUTs:                 69  out of   1408     4%  
 Number of IOs:                          31
 Number of bonded IOBs:                  31  out of    108    28%  
 Number of GCLKs:                         1  out of     24     4%  

---------------------------
Partition Resource Summary:
---------------------------

  No Partitions were found in this design.

---------------------------


=========================================================================
TIMING REPORT

NOTE: THESE TIMING NUMBERS ARE ONLY A SYNTHESIS ESTIMATE.
      FOR ACCURATE TIMING INFORMATION PLEASE REFER TO THE TRACE REPORT
      GENERATED AFTER PLACE-and-ROUTE.

Clock Information:
------------------
-----------------------------------+------------------------------+-------+
Clock Signal                       | Clock buffer(FF name)        | Load  |
-----------------------------------+------------------------------+-------+
clock                              | BUFGP                        | 39    |
timer/count                        | NONE(timer/timeCounter/cnt_3)| 4     |
-----------------------------------+------------------------------+-------+
INFO:Xst:2169 - HDL ADVISOR - Some clock signals were not automatically buffered by XST with BUFG/BUFR resources. Please use the buffer_type constraint in order to insert these buffers to the clock signals to help prevent skew problems.

Asynchronous Control Signals Information:
----------------------------------------
-------------------------------------------+------------------------------+-------+
Control Signal                             | Buffer(FF name)              | Load  |
-------------------------------------------+------------------------------+-------+
timer/counter_reset(timer/counter_reset1:O)| NONE(timer/timeCounter/cnt_0)| 4     |
reset                                      | IBUF                         | 1     |
-------------------------------------------+------------------------------+-------+

Timing Summary:
---------------
Speed Grade: -4

   Minimum period: 6.293ns (Maximum Frequency: 158.901MHz)
   Minimum input arrival time before clock: 5.963ns
   Maximum output required time after clock: 7.472ns
   Maximum combinational path delay: No path found

Timing Detail:
--------------
All values displayed in nanoseconds (ns)

=========================================================================
Timing constraint: Default period analysis for Clock 'clock'
  Clock period: 6.293ns (frequency: 158.901MHz)
  Total number of paths / destination ports: 1598 / 71
-------------------------------------------------------------------------
Delay:               6.293ns (Levels of Logic = 10)
  Source:            timer/clockcount_22 (FF)
  Destination:       timer/clockcount_31 (FF)
  Source Clock:      clock rising
  Destination Clock: clock rising

  Data Path: timer/clockcount_22 to timer/clockcount_31
                                Gate     Net
    Cell:in->out      fanout   Delay   Delay  Logical Name (Net Name)
    ----------------------------------------  ------------
     FDR:C->Q              2   0.591   0.590  timer/clockcount_22 (timer/clockcount_22)
     LUT4:I0->O            1   0.648   0.000  timer/clockcount_or00001_wg_lut<0> (timer/clockcount_or00001_wg_lut<0>)
     MUXCY:S->O            1   0.632   0.000  timer/clockcount_or00001_wg_cy<0> (timer/clockcount_or00001_wg_cy<0>)
     MUXCY:CI->O           1   0.065   0.000  timer/clockcount_or00001_wg_cy<1> (timer/clockcount_or00001_wg_cy<1>)
     MUXCY:CI->O           1   0.065   0.000  timer/clockcount_or00001_wg_cy<2> (timer/clockcount_or00001_wg_cy<2>)
     MUXCY:CI->O           1   0.065   0.000  timer/clockcount_or00001_wg_cy<3> (timer/clockcount_or00001_wg_cy<3>)
     MUXCY:CI->O           1   0.065   0.000  timer/clockcount_or00001_wg_cy<4> (timer/clockcount_or00001_wg_cy<4>)
     MUXCY:CI->O           1   0.065   0.000  timer/clockcount_or00001_wg_cy<5> (timer/clockcount_or00001_wg_cy<5>)
     MUXCY:CI->O           1   0.065   0.000  timer/clockcount_or00001_wg_cy<6> (timer/clockcount_or00001_wg_cy<6>)
     MUXCY:CI->O           2   0.141   0.527  timer/clockcount_or00001_wg_cy<7> (timer/clockcount_cmp_eq0000)
     LUT2:I1->O           32   0.643   1.262  timer/clockcount_or00001 (timer/clockcount_or0000)
     FDR:R                     0.869          timer/clockcount_0
    ----------------------------------------
    Total                      6.293ns (3.914ns logic, 2.379ns route)
                                       (62.2% logic, 37.8% route)

=========================================================================
Timing constraint: Default period analysis for Clock 'timer/count'
  Clock period: 2.894ns (frequency: 345.542MHz)
  Total number of paths / destination ports: 10 / 4
-------------------------------------------------------------------------
Delay:               2.894ns (Levels of Logic = 1)
  Source:            timer/timeCounter/cnt_0 (FF)
  Destination:       timer/timeCounter/cnt_0 (FF)
  Source Clock:      timer/count rising
  Destination Clock: timer/count rising

  Data Path: timer/timeCounter/cnt_0 to timer/timeCounter/cnt_0
                                Gate     Net
    Cell:in->out      fanout   Delay   Delay  Logical Name (Net Name)
    ----------------------------------------  ------------
     FDC:C->Q             13   0.591   0.983  timer/timeCounter/cnt_0 (timer/timeCounter/cnt_0)
     INV:I->O              1   0.648   0.420  timer/timeCounter/Mcount_cnt_xor<0>11_INV_0 (timer/timeCounter/Mcount_cnt)
     FDC:D                     0.252          timer/timeCounter/cnt_0
    ----------------------------------------
    Total                      2.894ns (1.491ns logic, 1.403ns route)
                                       (51.5% logic, 48.5% route)

=========================================================================
Timing constraint: Default OFFSET IN BEFORE for Clock 'clock'
  Total number of paths / destination ports: 78 / 39
-------------------------------------------------------------------------
Offset:              5.963ns (Levels of Logic = 5)
  Source:            time_yellow<0> (PAD)
  Destination:       timer/time_yellow (FF)
  Destination Clock: clock rising

  Data Path: time_yellow<0> to timer/time_yellow
                                Gate     Net
    Cell:in->out      fanout   Delay   Delay  Logical Name (Net Name)
    ----------------------------------------  ------------
     IBUF:I->O             1   0.849   0.452  time_yellow_0_IBUF (time_yellow_0_IBUF)
     LUT4:I2->O            2   0.648   0.590  timer/old_time_yellow_2_cmp_ge00002 (timer/old_time_yellow_2_cmp_ge00001)
     LUT4:I0->O            1   0.648   0.000  timer/old_time_yellow_2_cmp_ge000012 (timer/old_time_yellow_2_cmp_ge000012)
     MUXF5:I0->O           3   0.276   0.563  timer/old_time_yellow_2_cmp_ge00001_f5 (timer/old_time_yellow_2_cmp_ge0000)
     LUT3:I2->O            1   0.648   0.420  timer/time_yellow_or00001 (timer/time_yellow_or0000)
     FDR:R                     0.869          timer/time_yellow
    ----------------------------------------
    Total                      5.963ns (3.938ns logic, 2.025ns route)
                                       (66.0% logic, 34.0% route)

=========================================================================
Timing constraint: Default OFFSET OUT AFTER for Clock 'clock'
  Total number of paths / destination ports: 12 / 6
-------------------------------------------------------------------------
Offset:              7.169ns (Levels of Logic = 2)
  Source:            nextstate/state_FSM_FFd2 (FF)
  Destination:       country_green (PAD)
  Source Clock:      clock rising

  Data Path: nextstate/state_FSM_FFd2 to country_green
                                Gate     Net
    Cell:in->out      fanout   Delay   Delay  Logical Name (Net Name)
    ----------------------------------------  ------------
     FDR:C->Q              9   0.591   0.963  nextstate/state_FSM_FFd2 (nextstate/state_FSM_FFd2)
     LUT2:I0->O            2   0.648   0.447  country_red1 (country_red_OBUF)
     OBUF:I->O                 4.520          country_red_OBUF (country_red)
    ----------------------------------------
    Total                      7.169ns (5.759ns logic, 1.410ns route)
                                       (80.3% logic, 19.7% route)

=========================================================================
Timing constraint: Default OFFSET OUT AFTER for Clock 'timer/count'
  Total number of paths / destination ports: 40 / 11
-------------------------------------------------------------------------
Offset:              7.472ns (Levels of Logic = 2)
  Source:            timer/timeCounter/cnt_3 (FF)
  Destination:       timer_seg_high<6> (PAD)
  Source Clock:      timer/count rising

  Data Path: timer/timeCounter/cnt_3 to timer_seg_high<6>
                                Gate     Net
    Cell:in->out      fanout   Delay   Delay  Logical Name (Net Name)
    ----------------------------------------  ------------
     FDC:C->Q             13   0.591   1.126  timer/timeCounter/cnt_3 (timer/timeCounter/cnt_3)
     LUT3:I0->O            4   0.648   0.587  timer_seg_high<6>1 (timer_seg_high_6_OBUF)
     OBUF:I->O                 4.520          timer_seg_high_6_OBUF (timer_seg_high<6>)
    ----------------------------------------
    Total                      7.472ns (5.759ns logic, 1.713ns route)
                                       (77.1% logic, 22.9% route)

=========================================================================


Total REAL time to Xst completion: 3.00 secs
Total CPU time to Xst completion: 2.63 secs
 
--> 


Total memory usage is 501608 kilobytes

Number of errors   :    0 (   0 filtered)
Number of warnings :    2 (   0 filtered)
Number of infos    :    2 (   0 filtered)

