--------------------------------------------------------------------------------
Release 14.7 Trace  (lin64)
Copyright (c) 1995-2013 Xilinx, Inc.  All rights reserved.

/opt/Xilinx/14.7/ISE_DS/ISE/bin/lin64/unwrapped/trce -intstyle ise -v 3 -s 4 -n
3 -fastpaths -xml trafficController.twx trafficController.ncd -o
trafficController.twr trafficController.pcf -ucf SNU-UCF.ucf

Design file:              trafficController.ncd
Physical constraint file: trafficController.pcf
Device,package,speed:     xc3s50an,tqg144,-4 (PRODUCTION 1.42 2013-10-13)
Report level:             verbose report

Environment Variable      Effect 
--------------------      ------ 
NONE                      No environment variables were set
--------------------------------------------------------------------------------

INFO:Timing:2698 - No timing constraints found, doing default enumeration.
INFO:Timing:3412 - To improve timing, see the Timing Closure User Guide (UG612).
INFO:Timing:2752 - To get complete path coverage, use the unconstrained paths 
   option. All paths that are not constrained will be reported in the 
   unconstrained paths section(s) of the report.
INFO:Timing:3339 - The clock-to-out numbers in this timing report are based on 
   a 50 Ohm transmission line loading model.  For the details of this model, 
   and for more information on accounting for different loading conditions, 
   please see the device datasheet.
INFO:Timing:3390 - This architecture does not support a default System Jitter 
   value, please add SYSTEM_JITTER constraint to the UCF to modify the Clock 
   Uncertainty calculation.
INFO:Timing:3389 - This architecture does not support 'Discrete Jitter' and 
   'Phase Error' calculations, these terms will be zero in the Clock 
   Uncertainty calculation.  Please make appropriate modification to 
   SYSTEM_JITTER to account for the unsupported Discrete Jitter and Phase 
   Error.



Data Sheet report:
-----------------
All values displayed in nanoseconds (ns)

Setup/Hold to clock clock
---------------+------------+------------+------------------+--------+
               |Max Setup to|Max Hold to |                  | Clock  |
Source         | clk (edge) | clk (edge) |Internal Clock(s) | Phase  |
---------------+------------+------------+------------------+--------+
car_async      |    0.775(R)|    0.188(R)|clock_BUFGP       |   0.000|
reset          |    3.887(R)|   -1.772(R)|clock_BUFGP       |   0.000|
time_country<0>|    3.432(R)|   -1.959(R)|clock_BUFGP       |   0.000|
time_country<1>|    3.509(R)|   -2.020(R)|clock_BUFGP       |   0.000|
time_country<2>|    2.654(R)|   -1.336(R)|clock_BUFGP       |   0.000|
time_country<3>|    1.709(R)|   -0.580(R)|clock_BUFGP       |   0.000|
time_yellow<0> |    3.112(R)|   -1.565(R)|clock_BUFGP       |   0.000|
time_yellow<1> |    3.072(R)|   -1.533(R)|clock_BUFGP       |   0.000|
time_yellow<2> |    2.494(R)|   -1.035(R)|clock_BUFGP       |   0.000|
time_yellow<3> |    2.333(R)|   -0.943(R)|clock_BUFGP       |   0.000|
---------------+------------+------------+------------------+--------+

Clock clock to Pad
--------------+------------+------------------+--------+
              | clk (edge) |                  | Clock  |
Destination   |   to PAD   |Internal Clock(s) | Phase  |
--------------+------------+------------------+--------+
country_red   |    8.494(R)|clock_BUFGP       |   0.000|
country_yellow|    8.226(R)|clock_BUFGP       |   0.000|
highway_green |    8.509(R)|clock_BUFGP       |   0.000|
highway_yellow|    8.239(R)|clock_BUFGP       |   0.000|
--------------+------------+------------------+--------+

Clock to Setup on destination clock clock
---------------+---------+---------+---------+---------+
               | Src:Rise| Src:Fall| Src:Rise| Src:Fall|
Source Clock   |Dest:Rise|Dest:Rise|Dest:Fall|Dest:Fall|
---------------+---------+---------+---------+---------+
clock          |    6.125|         |         |         |
---------------+---------+---------+---------+---------+


Analysis completed Thu Nov 30 21:21:16 2023 
--------------------------------------------------------------------------------

Trace Settings:
-------------------------
Trace Settings 

Peak Memory Usage: 347 MB



